<?xml version="1.0" encoding="UTF-8"?>
<testsuite xmlns:xsi="http://www.w3.org/2001/XMLSchema-instance" xsi:noNamespaceSchemaLocation="https://maven.apache.org/surefire/maven-surefire-plugin/xsd/surefire-test-report-3.0.xsd" version="3.0" name="stepdefinitions.TestRunner" time="44.909" tests="0" errors="0" skipped="0" failures="0">
  <properties>
    <property name="java.specification.version" value="17"/>
    <property name="webdriver.chrome.driver" value="C:\Users\ttpl-rt-120\.cache\selenium\chromedriver\win64\129.0.6668.100\chromedriver.exe"/>
    <property name="sun.cpu.isalist" value="amd64"/>
    <property name="sun.jnu.encoding" value="Cp1252"/>
    <property name="java.class.path" value="C:\Users\ttpl-rt-120\Downloads\Automation_Framework (6)\Automation_Framework (2)\Automation_Framework\CucumberAutomation\target\test-classes;C:\Users\ttpl-rt-120\Downloads\Automation_Framework (6)\Automation_Framework (2)\Automation_Framework\CucumberAutomation\target\classes;C:\Users\ttpl-rt-120\.m2\repository\com\google\cloud\google-cloud-texttospeech\2.47.0\google-cloud-texttospeech-2.47.0.jar;C:\Users\ttpl-rt-120\.m2\repository\io\grpc\grpc-api\1.62.2\grpc-api-1.62.2.jar;C:\Users\ttpl-rt-120\.m2\repository\com\google\code\findbugs\jsr305\3.0.2\jsr305-3.0.2.jar;C:\Users\ttpl-rt-120\.m2\repository\com\google\errorprone\error_prone_annotations\2.28.0\error_prone_annotations-2.28.0.jar;C:\Users\ttpl-rt-120\.m2\repository\io\grpc\grpc-stub\1.62.2\grpc-stub-1.62.2.jar;C:\Users\ttpl-rt-120\.m2\repository\io\grpc\grpc-protobuf\1.62.2\grpc-protobuf-1.62.2.jar;C:\Users\ttpl-rt-120\.m2\repository\io\grpc\grpc-protobuf-lite\1.62.2\grpc-protobuf-lite-1.62.2.jar;C:\Users\ttpl-rt-120\.m2\repository\com\google\api\api-common\2.33.0\api-common-2.33.0.jar;C:\Users\ttpl-rt-120\.m2\repository\com\google\auto\value\auto-value-annotations\1.10.4\auto-value-annotations-1.10.4.jar;C:\Users\ttpl-rt-120\.m2\repository\javax\annotation\javax.annotation-api\1.3.2\javax.annotation-api-1.3.2.jar;C:\Users\ttpl-rt-120\.m2\repository\com\google\j2objc\j2objc-annotations\3.0.0\j2objc-annotations-3.0.0.jar;C:\Users\ttpl-rt-120\.m2\repository\com\google\protobuf\protobuf-java\3.25.3\protobuf-java-3.25.3.jar;C:\Users\ttpl-rt-120\.m2\repository\com\google\api\grpc\proto-google-common-protos\2.41.0\proto-google-common-protos-2.41.0.jar;C:\Users\ttpl-rt-120\.m2\repository\com\google\api\grpc\proto-google-cloud-texttospeech-v1\2.47.0\proto-google-cloud-texttospeech-v1-2.47.0.jar;C:\Users\ttpl-rt-120\.m2\repository\com\google\api\grpc\proto-google-cloud-texttospeech-v1beta1\0.136.0\proto-google-cloud-texttospeech-v1beta1-0.136.0.jar;C:\Users\ttpl-rt-120\.m2\repository\com\google\guava\failureaccess\1.0.2\failureaccess-1.0.2.jar;C:\Users\ttpl-rt-120\.m2\repository\com\google\guava\listenablefuture\9999.0-empty-to-avoid-conflict-with-guava\listenablefuture-9999.0-empty-to-avoid-conflict-with-guava.jar;C:\Users\ttpl-rt-120\.m2\repository\org\checkerframework\checker-qual\3.44.0\checker-qual-3.44.0.jar;C:\Users\ttpl-rt-120\.m2\repository\com\google\api\gax\2.50.0\gax-2.50.0.jar;C:\Users\ttpl-rt-120\.m2\repository\com\google\auth\google-auth-library-credentials\1.23.0\google-auth-library-credentials-1.23.0.jar;C:\Users\ttpl-rt-120\.m2\repository\io\opencensus\opencensus-api\0.31.1\opencensus-api-0.31.1.jar;C:\Users\ttpl-rt-120\.m2\repository\io\grpc\grpc-context\1.62.2\grpc-context-1.62.2.jar;C:\Users\ttpl-rt-120\.m2\repository\com\google\auth\google-auth-library-oauth2-http\1.23.0\google-auth-library-oauth2-http-1.23.0.jar;C:\Users\ttpl-rt-120\.m2\repository\com\google\api\gax-grpc\2.50.0\gax-grpc-2.50.0.jar;C:\Users\ttpl-rt-120\.m2\repository\io\grpc\grpc-inprocess\1.62.2\grpc-inprocess-1.62.2.jar;C:\Users\ttpl-rt-120\.m2\repository\io\grpc\grpc-core\1.62.2\grpc-core-1.62.2.jar;C:\Users\ttpl-rt-120\.m2\repository\com\google\android\annotations\4.1.1.4\annotations-4.1.1.4.jar;C:\Users\ttpl-rt-120\.m2\repository\org\codehaus\mojo\animal-sniffer-annotations\1.23\animal-sniffer-annotations-1.23.jar;C:\Users\ttpl-rt-120\.m2\repository\io\grpc\grpc-alts\1.62.2\grpc-alts-1.62.2.jar;C:\Users\ttpl-rt-120\.m2\repository\io\grpc\grpc-grpclb\1.62.2\grpc-grpclb-1.62.2.jar;C:\Users\ttpl-rt-120\.m2\repository\org\conscrypt\conscrypt-openjdk-uber\2.5.2\conscrypt-openjdk-uber-2.5.2.jar;C:\Users\ttpl-rt-120\.m2\repository\io\grpc\grpc-auth\1.62.2\grpc-auth-1.62.2.jar;C:\Users\ttpl-rt-120\.m2\repository\io\grpc\grpc-netty-shaded\1.62.2\grpc-netty-shaded-1.62.2.jar;C:\Users\ttpl-rt-120\.m2\repository\io\grpc\grpc-util\1.62.2\grpc-util-1.62.2.jar;C:\Users\ttpl-rt-120\.m2\repository\io\perfmark\perfmark-api\0.27.0\perfmark-api-0.27.0.jar;C:\Users\ttpl-rt-120\.m2\repository\io\grpc\grpc-googleapis\1.62.2\grpc-googleapis-1.62.2.jar;C:\Users\ttpl-rt-120\.m2\repository\io\grpc\grpc-xds\1.62.2\grpc-xds-1.62.2.jar;C:\Users\ttpl-rt-120\.m2\repository\io\opencensus\opencensus-proto\0.2.0\opencensus-proto-0.2.0.jar;C:\Users\ttpl-rt-120\.m2\repository\io\grpc\grpc-services\1.62.2\grpc-services-1.62.2.jar;C:\Users\ttpl-rt-120\.m2\repository\com\google\re2j\re2j\1.7\re2j-1.7.jar;C:\Users\ttpl-rt-120\.m2\repository\com\google\api\gax-httpjson\2.50.0\gax-httpjson-2.50.0.jar;C:\Users\ttpl-rt-120\.m2\repository\com\google\code\gson\gson\2.11.0\gson-2.11.0.jar;C:\Users\ttpl-rt-120\.m2\repository\com\google\http-client\google-http-client\1.44.2\google-http-client-1.44.2.jar;C:\Users\ttpl-rt-120\.m2\repository\org\apache\httpcomponents\httpclient\4.5.14\httpclient-4.5.14.jar;C:\Users\ttpl-rt-120\.m2\repository\commons-codec\commons-codec\1.17.0\commons-codec-1.17.0.jar;C:\Users\ttpl-rt-120\.m2\repository\org\apache\httpcomponents\httpcore\4.4.16\httpcore-4.4.16.jar;C:\Users\ttpl-rt-120\.m2\repository\io\opencensus\opencensus-contrib-http-util\0.31.1\opencensus-contrib-http-util-0.31.1.jar;C:\Users\ttpl-rt-120\.m2\repository\com\google\http-client\google-http-client-gson\1.44.2\google-http-client-gson-1.44.2.jar;C:\Users\ttpl-rt-120\.m2\repository\com\google\protobuf\protobuf-java-util\3.25.3\protobuf-java-util-3.25.3.jar;C:\Users\ttpl-rt-120\.m2\repository\org\threeten\threetenbp\1.6.9\threetenbp-1.6.9.jar;C:\Users\ttpl-rt-120\.m2\repository\net\sf\sociaal\freetts\1.2.2\freetts-1.2.2.jar;C:\Users\ttpl-rt-120\.m2\repository\org\projectlombok\lombok\1.18.26\lombok-1.18.26.jar;C:\Users\ttpl-rt-120\.m2\repository\org\apache\maven\maven-core\4.0.0-alpha-5\maven-core-4.0.0-alpha-5.jar;C:\Users\ttpl-rt-120\.m2\repository\org\apache\maven\maven-model\4.0.0-alpha-5\maven-model-4.0.0-alpha-5.jar;C:\Users\ttpl-rt-120\.m2\repository\org\apache\maven\maven-api-model\4.0.0-alpha-5\maven-api-model-4.0.0-alpha-5.jar;C:\Users\ttpl-rt-120\.m2\repository\org\apache\maven\maven-api-xml\4.0.0-alpha-5\maven-api-xml-4.0.0-alpha-5.jar;C:\Users\ttpl-rt-120\.m2\repository\org\apache\maven\maven-xml-impl\4.0.0-alpha-5\maven-xml-impl-4.0.0-alpha-5.jar;C:\Users\ttpl-rt-120\.m2\repository\org\apache\maven\maven-settings\4.0.0-alpha-5\maven-settings-4.0.0-alpha-5.jar;C:\Users\ttpl-rt-120\.m2\repository\org\apache\maven\maven-api-settings\4.0.0-alpha-5\maven-api-settings-4.0.0-alpha-5.jar;C:\Users\ttpl-rt-120\.m2\repository\org\apache\maven\maven-settings-builder\4.0.0-alpha-5\maven-settings-builder-4.0.0-alpha-5.jar;C:\Users\ttpl-rt-120\.m2\repository\org\apache\maven\maven-builder-support\4.0.0-alpha-5\maven-builder-support-4.0.0-alpha-5.jar;C:\Users\ttpl-rt-120\.m2\repository\org\codehaus\plexus\plexus-interpolation\1.26\plexus-interpolation-1.26.jar;C:\Users\ttpl-rt-120\.m2\repository\org\codehaus\plexus\plexus-sec-dispatcher\2.0\plexus-sec-dispatcher-2.0.jar;C:\Users\ttpl-rt-120\.m2\repository\org\codehaus\plexus\plexus-cipher\2.0\plexus-cipher-2.0.jar;C:\Users\ttpl-rt-120\.m2\repository\org\apache\maven\maven-toolchain-model\4.0.0-alpha-5\maven-toolchain-model-4.0.0-alpha-5.jar;C:\Users\ttpl-rt-120\.m2\repository\org\apache\maven\maven-api-toolchain\4.0.0-alpha-5\maven-api-toolchain-4.0.0-alpha-5.jar;C:\Users\ttpl-rt-120\.m2\repository\org\apache\maven\maven-toolchain-builder\4.0.0-alpha-5\maven-toolchain-builder-4.0.0-alpha-5.jar;C:\Users\ttpl-rt-120\.m2\repository\org\apache\maven\maven-repository-metadata\4.0.0-alpha-5\maven-repository-metadata-4.0.0-alpha-5.jar;C:\Users\ttpl-rt-120\.m2\repository\org\apache\maven\maven-artifact\4.0.0-alpha-5\maven-artifact-4.0.0-alpha-5.jar;C:\Users\ttpl-rt-120\.m2\repository\org\apache\maven\maven-plugin-api\4.0.0-alpha-5\maven-plugin-api-4.0.0-alpha-5.jar;C:\Users\ttpl-rt-120\.m2\repository\org\apache\maven\maven-model-builder\4.0.0-alpha-5\maven-model-builder-4.0.0-alpha-5.jar;C:\Users\ttpl-rt-120\.m2\repository\org\apache\maven\maven-model-transform\4.0.0-alpha-5\maven-model-transform-4.0.0-alpha-5.jar;C:\Users\ttpl-rt-120\.m2\repository\org\apache\maven\maven-resolver-provider\4.0.0-alpha-5\maven-resolver-provider-4.0.0-alpha-5.jar;C:\Users\ttpl-rt-120\.m2\repository\org\apache\maven\maven-api-core\4.0.0-alpha-5\maven-api-core-4.0.0-alpha-5.jar;C:\Users\ttpl-rt-120\.m2\repository\org\apache\maven\maven-api-meta\4.0.0-alpha-5\maven-api-meta-4.0.0-alpha-5.jar;C:\Users\ttpl-rt-120\.m2\repository\org\apache\maven\resolver\maven-resolver-impl\1.9.7\maven-resolver-impl-1.9.7.jar;C:\Users\ttpl-rt-120\.m2\repository\org\apache\maven\resolver\maven-resolver-named-locks\1.9.7\maven-resolver-named-locks-1.9.7.jar;C:\Users\ttpl-rt-120\.m2\repository\org\apache\maven\resolver\maven-resolver-api\1.9.7\maven-resolver-api-1.9.7.jar;C:\Users\ttpl-rt-120\.m2\repository\org\apache\maven\resolver\maven-resolver-spi\1.9.7\maven-resolver-spi-1.9.7.jar;C:\Users\ttpl-rt-120\.m2\repository\org\apache\maven\resolver\maven-resolver-util\1.9.7\maven-resolver-util-1.9.7.jar;C:\Users\ttpl-rt-120\.m2\repository\org\apache\maven\shared\maven-shared-utils\3.3.4\maven-shared-utils-3.3.4.jar;C:\Users\ttpl-rt-120\.m2\repository\org\eclipse\sisu\org.eclipse.sisu.plexus\0.3.5\org.eclipse.sisu.plexus-0.3.5.jar;C:\Users\ttpl-rt-120\.m2\repository\org\codehaus\plexus\plexus-component-annotations\1.5.5\plexus-component-annotations-1.5.5.jar;C:\Users\ttpl-rt-120\.m2\repository\org\eclipse\sisu\org.eclipse.sisu.inject\0.3.5\org.eclipse.sisu.inject-0.3.5.jar;C:\Users\ttpl-rt-120\.m2\repository\com\google\inject\guice\5.1.0\guice-5.1.0.jar;C:\Users\ttpl-rt-120\.m2\repository\aopalliance\aopalliance\1.0\aopalliance-1.0.jar;C:\Users\ttpl-rt-120\.m2\repository\javax\inject\javax.inject\1\javax.inject-1.jar;C:\Users\ttpl-rt-120\.m2\repository\org\apache\maven\plexus-utils\4.0.0-alpha-5\plexus-utils-4.0.0-alpha-5.jar;C:\Users\ttpl-rt-120\.m2\repository\org\codehaus\plexus\plexus-classworlds\2.6.0\plexus-classworlds-2.6.0.jar;C:\Users\ttpl-rt-120\.m2\repository\org\apache\commons\commons-lang3\3.12.0\commons-lang3-3.12.0.jar;C:\Users\ttpl-rt-120\.m2\repository\com\google\api-client\google-api-client\1.33.0\google-api-client-1.33.0.jar;C:\Users\ttpl-rt-120\.m2\repository\com\google\oauth-client\google-oauth-client\1.32.1\google-oauth-client-1.32.1.jar;C:\Users\ttpl-rt-120\.m2\repository\com\google\http-client\google-http-client-apache-v2\1.41.0\google-http-client-apache-v2-1.41.0.jar;C:\Users\ttpl-rt-120\.m2\repository\com\google\oauth-client\google-oauth-client-jetty\1.33.1\google-oauth-client-jetty-1.33.1.jar;C:\Users\ttpl-rt-120\.m2\repository\com\google\oauth-client\google-oauth-client-java6\1.33.1\google-oauth-client-java6-1.33.1.jar;C:\Users\ttpl-rt-120\.m2\repository\com\google\apis\google-api-services-drive\v3-rev197-1.25.0\google-api-services-drive-v3-rev197-1.25.0.jar;C:\Users\ttpl-rt-120\.m2\repository\org\seleniumhq\selenium\selenium-java\4.11.0\selenium-java-4.11.0.jar;C:\Users\ttpl-rt-120\.m2\repository\org\seleniumhq\selenium\selenium-api\4.11.0\selenium-api-4.11.0.jar;C:\Users\ttpl-rt-120\.m2\repository\org\seleniumhq\selenium\selenium-devtools-v113\4.11.0\selenium-devtools-v113-4.11.0.jar;C:\Users\ttpl-rt-120\.m2\repository\org\seleniumhq\selenium\selenium-devtools-v114\4.11.0\selenium-devtools-v114-4.11.0.jar;C:\Users\ttpl-rt-120\.m2\repository\org\seleniumhq\selenium\selenium-devtools-v115\4.11.0\selenium-devtools-v115-4.11.0.jar;C:\Users\ttpl-rt-120\.m2\repository\org\seleniumhq\selenium\selenium-devtools-v85\4.11.0\selenium-devtools-v85-4.11.0.jar;C:\Users\ttpl-rt-120\.m2\repository\org\seleniumhq\selenium\selenium-edge-driver\4.11.0\selenium-edge-driver-4.11.0.jar;C:\Users\ttpl-rt-120\.m2\repository\org\seleniumhq\selenium\selenium-ie-driver\4.11.0\selenium-ie-driver-4.11.0.jar;C:\Users\ttpl-rt-120\.m2\repository\org\seleniumhq\selenium\selenium-remote-driver\4.11.0\selenium-remote-driver-4.11.0.jar;C:\Users\ttpl-rt-120\.m2\repository\io\netty\netty-buffer\4.1.92.Final\netty-buffer-4.1.92.Final.jar;C:\Users\ttpl-rt-120\.m2\repository\io\netty\netty-codec-http\4.1.92.Final\netty-codec-http-4.1.92.Final.jar;C:\Users\ttpl-rt-120\.m2\repository\io\netty\netty-codec\4.1.92.Final\netty-codec-4.1.92.Final.jar;C:\Users\ttpl-rt-120\.m2\repository\io\netty\netty-handler\4.1.92.Final\netty-handler-4.1.92.Final.jar;C:\Users\ttpl-rt-120\.m2\repository\io\netty\netty-common\4.1.92.Final\netty-common-4.1.92.Final.jar;C:\Users\ttpl-rt-120\.m2\repository\io\netty\netty-transport-classes-epoll\4.1.92.Final\netty-transport-classes-epoll-4.1.92.Final.jar;C:\Users\ttpl-rt-120\.m2\repository\io\netty\netty-transport-classes-kqueue\4.1.92.Final\netty-transport-classes-kqueue-4.1.92.Final.jar;C:\Users\ttpl-rt-120\.m2\repository\io\netty\netty-transport-native-epoll\4.1.92.Final\netty-transport-native-epoll-4.1.92.Final.jar;C:\Users\ttpl-rt-120\.m2\repository\io\netty\netty-transport-native-kqueue\4.1.92.Final\netty-transport-native-kqueue-4.1.92.Final.jar;C:\Users\ttpl-rt-120\.m2\repository\io\netty\netty-transport-native-unix-common\4.1.92.Final\netty-transport-native-unix-common-4.1.92.Final.jar;C:\Users\ttpl-rt-120\.m2\repository\io\netty\netty-transport\4.1.92.Final\netty-transport-4.1.92.Final.jar;C:\Users\ttpl-rt-120\.m2\repository\io\netty\netty-resolver\4.1.92.Final\netty-resolver-4.1.92.Final.jar;C:\Users\ttpl-rt-120\.m2\repository\io\opentelemetry\opentelemetry-api\1.26.0\opentelemetry-api-1.26.0.jar;C:\Users\ttpl-rt-120\.m2\repository\io\opentelemetry\opentelemetry-context\1.26.0\opentelemetry-context-1.26.0.jar;C:\Users\ttpl-rt-120\.m2\repository\io\opentelemetry\opentelemetry-exporter-logging\1.26.0\opentelemetry-exporter-logging-1.26.0.jar;C:\Users\ttpl-rt-120\.m2\repository\io\opentelemetry\opentelemetry-sdk-metrics\1.26.0\opentelemetry-sdk-metrics-1.26.0.jar;C:\Users\ttpl-rt-120\.m2\repository\io\opentelemetry\opentelemetry-extension-incubator\1.26.0-alpha\opentelemetry-extension-incubator-1.26.0-alpha.jar;C:\Users\ttpl-rt-120\.m2\repository\io\opentelemetry\opentelemetry-sdk-logs\1.26.0-alpha\opentelemetry-sdk-logs-1.26.0-alpha.jar;C:\Users\ttpl-rt-120\.m2\repository\io\opentelemetry\opentelemetry-api-logs\1.26.0-alpha\opentelemetry-api-logs-1.26.0-alpha.jar;C:\Users\ttpl-rt-120\.m2\repository\io\opentelemetry\opentelemetry-api-events\1.26.0-alpha\opentelemetry-api-events-1.26.0-alpha.jar;C:\Users\ttpl-rt-120\.m2\repository\io\opentelemetry\opentelemetry-sdk-common\1.26.0\opentelemetry-sdk-common-1.26.0.jar;C:\Users\ttpl-rt-120\.m2\repository\io\opentelemetry\opentelemetry-sdk-extension-autoconfigure-spi\1.26.0\opentelemetry-sdk-extension-autoconfigure-spi-1.26.0.jar;C:\Users\ttpl-rt-120\.m2\repository\io\opentelemetry\opentelemetry-sdk-extension-autoconfigure\1.26.0-alpha\opentelemetry-sdk-extension-autoconfigure-1.26.0-alpha.jar;C:\Users\ttpl-rt-120\.m2\repository\io\opentelemetry\opentelemetry-sdk-trace\1.26.0\opentelemetry-sdk-trace-1.26.0.jar;C:\Users\ttpl-rt-120\.m2\repository\io\opentelemetry\opentelemetry-sdk\1.26.0\opentelemetry-sdk-1.26.0.jar;C:\Users\ttpl-rt-120\.m2\repository\io\opentelemetry\opentelemetry-semconv\1.26.0-alpha\opentelemetry-semconv-1.26.0-alpha.jar;C:\Users\ttpl-rt-120\.m2\repository\net\bytebuddy\byte-buddy\1.14.4\byte-buddy-1.14.4.jar;C:\Users\ttpl-rt-120\.m2\repository\org\asynchttpclient\async-http-client\2.12.3\async-http-client-2.12.3.jar;C:\Users\ttpl-rt-120\.m2\repository\org\asynchttpclient\async-http-client-netty-utils\2.12.3\async-http-client-netty-utils-2.12.3.jar;C:\Users\ttpl-rt-120\.m2\repository\io\netty\netty-codec-socks\4.1.60.Final\netty-codec-socks-4.1.60.Final.jar;C:\Users\ttpl-rt-120\.m2\repository\io\netty\netty-handler-proxy\4.1.60.Final\netty-handler-proxy-4.1.60.Final.jar;C:\Users\ttpl-rt-120\.m2\repository\io\netty\netty-transport-native-epoll\4.1.60.Final\netty-transport-native-epoll-4.1.60.Final-linux-x86_64.jar;C:\Users\ttpl-rt-120\.m2\repository\io\netty\netty-transport-native-kqueue\4.1.60.Final\netty-transport-native-kqueue-4.1.60.Final-osx-x86_64.jar;C:\Users\ttpl-rt-120\.m2\repository\com\typesafe\netty\netty-reactive-streams\2.0.4\netty-reactive-streams-2.0.4.jar;C:\Users\ttpl-rt-120\.m2\repository\com\sun\activation\jakarta.activation\1.2.2\jakarta.activation-1.2.2.jar;C:\Users\ttpl-rt-120\.m2\repository\org\seleniumhq\selenium\selenium-http\4.11.0\selenium-http-4.11.0.jar;C:\Users\ttpl-rt-120\.m2\repository\dev\failsafe\failsafe\3.3.1\failsafe-3.3.1.jar;C:\Users\ttpl-rt-120\.m2\repository\org\seleniumhq\selenium\selenium-safari-driver\4.11.0\selenium-safari-driver-4.11.0.jar;C:\Users\ttpl-rt-120\.m2\repository\org\seleniumhq\selenium\selenium-support\4.11.0\selenium-support-4.11.0.jar;C:\Users\ttpl-rt-120\.m2\repository\io\qameta\allure\allure-java-commons\2.23.0\allure-java-commons-2.23.0.jar;C:\Users\ttpl-rt-120\.m2\repository\io\qameta\allure\allure-model\2.23.0\allure-model-2.23.0.jar;C:\Users\ttpl-rt-120\.m2\repository\org\slf4j\slf4j-api\1.7.5\slf4j-api-1.7.5.jar;C:\Users\ttpl-rt-120\.m2\repository\org\apache\logging\log4j\log4j-core\3.0.0-alpha1\log4j-core-3.0.0-alpha1.jar;C:\Users\ttpl-rt-120\.m2\repository\org\apache\logging\log4j\log4j-api\3.0.0-alpha1\log4j-api-3.0.0-alpha1.jar;C:\Users\ttpl-rt-120\.m2\repository\org\apache\logging\log4j\log4j-plugins\3.0.0-alpha1\log4j-plugins-3.0.0-alpha1.jar;C:\Users\ttpl-rt-120\.m2\repository\javax\activation\javax.activation-api\1.2.0\javax.activation-api-1.2.0.jar;C:\Users\ttpl-rt-120\.m2\repository\com\fasterxml\woodstox\woodstox-core\6.5.0\woodstox-core-6.5.0.jar;C:\Users\ttpl-rt-120\.m2\repository\org\codehaus\woodstox\stax2-api\4.2.1\stax2-api-4.2.1.jar;C:\Users\ttpl-rt-120\.m2\repository\org\seleniumhq\selenium\selenium-chrome-driver\4.11.0\selenium-chrome-driver-4.11.0.jar;C:\Users\ttpl-rt-120\.m2\repository\com\google\auto\service\auto-service-annotations\1.0.1\auto-service-annotations-1.0.1.jar;C:\Users\ttpl-rt-120\.m2\repository\org\seleniumhq\selenium\selenium-chromium-driver\4.11.0\selenium-chromium-driver-4.11.0.jar;C:\Users\ttpl-rt-120\.m2\repository\org\seleniumhq\selenium\selenium-json\4.11.0\selenium-json-4.11.0.jar;C:\Users\ttpl-rt-120\.m2\repository\org\seleniumhq\selenium\selenium-manager\4.11.0\selenium-manager-4.11.0.jar;C:\Users\ttpl-rt-120\.m2\repository\com\google\guava\guava\32.1.2-jre\guava-32.1.2-jre.jar;C:\Users\ttpl-rt-120\.m2\repository\org\apache\poi\poi-ooxml\5.2.3\poi-ooxml-5.2.3.jar;C:\Users\ttpl-rt-120\.m2\repository\org\apache\poi\poi\5.2.3\poi-5.2.3.jar;C:\Users\ttpl-rt-120\.m2\repository\org\apache\commons\commons-math3\3.6.1\commons-math3-3.6.1.jar;C:\Users\ttpl-rt-120\.m2\repository\com\zaxxer\SparseBitSet\1.2\SparseBitSet-1.2.jar;C:\Users\ttpl-rt-120\.m2\repository\org\apache\poi\poi-ooxml-lite\5.2.3\poi-ooxml-lite-5.2.3.jar;C:\Users\ttpl-rt-120\.m2\repository\org\apache\xmlbeans\xmlbeans\5.1.1\xmlbeans-5.1.1.jar;C:\Users\ttpl-rt-120\.m2\repository\org\apache\commons\commons-compress\1.21\commons-compress-1.21.jar;C:\Users\ttpl-rt-120\.m2\repository\commons-io\commons-io\2.11.0\commons-io-2.11.0.jar;C:\Users\ttpl-rt-120\.m2\repository\com\github\virtuald\curvesapi\1.07\curvesapi-1.07.jar;C:\Users\ttpl-rt-120\.m2\repository\org\apache\commons\commons-collections4\4.4\commons-collections4-4.4.jar;C:\Users\ttpl-rt-120\.m2\repository\org\apache\poi\poi-ooxml-schemas\4.1.2\poi-ooxml-schemas-4.1.2.jar;C:\Users\ttpl-rt-120\.m2\repository\io\github\bonigarcia\webdrivermanager\5.9.2\webdrivermanager-5.9.2.jar;C:\Users\ttpl-rt-120\.m2\repository\com\github\docker-java\docker-java\3.4.0\docker-java-3.4.0.jar;C:\Users\ttpl-rt-120\.m2\repository\com\github\docker-java\docker-java-core\3.4.0\docker-java-core-3.4.0.jar;C:\Users\ttpl-rt-120\.m2\repository\com\github\docker-java\docker-java-api\3.4.0\docker-java-api-3.4.0.jar;C:\Users\ttpl-rt-120\.m2\repository\org\slf4j\jcl-over-slf4j\1.7.30\jcl-over-slf4j-1.7.30.jar;C:\Users\ttpl-rt-120\.m2\repository\com\github\docker-java\docker-java-transport-httpclient5\3.4.0\docker-java-transport-httpclient5-3.4.0.jar;C:\Users\ttpl-rt-120\.m2\repository\com\github\docker-java\docker-java-transport\3.4.0\docker-java-transport-3.4.0.jar;C:\Users\ttpl-rt-120\.m2\repository\net\java\dev\jna\jna\5.13.0\jna-5.13.0.jar;C:\Users\ttpl-rt-120\.m2\repository\org\brotli\dec\0.1.2\dec-0.1.2.jar;C:\Users\ttpl-rt-120\.m2\repository\org\apache\httpcomponents\client5\httpclient5\5.2.1\httpclient5-5.2.1.jar;C:\Users\ttpl-rt-120\.m2\repository\org\apache\httpcomponents\core5\httpcore5\5.2\httpcore5-5.2.jar;C:\Users\ttpl-rt-120\.m2\repository\org\apache\httpcomponents\core5\httpcore5-h2\5.2\httpcore5-h2-5.2.jar;C:\Users\ttpl-rt-120\.m2\repository\com\aventstack\extentreports\5.0.9\extentreports-5.0.9.jar;C:\Users\ttpl-rt-120\.m2\repository\io\reactivex\rxjava3\rxjava\3.0.4\rxjava-3.0.4.jar;C:\Users\ttpl-rt-120\.m2\repository\org\reactivestreams\reactive-streams\1.0.3\reactive-streams-1.0.3.jar;C:\Users\ttpl-rt-120\.m2\repository\org\freemarker\freemarker\2.3.30\freemarker-2.3.30.jar;C:\Users\ttpl-rt-120\.m2\repository\org\json\json\20231013\json-20231013.jar;C:\Users\ttpl-rt-120\.m2\repository\io\cucumber\cucumber-core\7.15.0\cucumber-core-7.15.0.jar;C:\Users\ttpl-rt-120\.m2\repository\io\cucumber\cucumber-gherkin\7.15.0\cucumber-gherkin-7.15.0.jar;C:\Users\ttpl-rt-120\.m2\repository\io\cucumber\cucumber-gherkin-messages\7.15.0\cucumber-gherkin-messages-7.15.0.jar;C:\Users\ttpl-rt-120\.m2\repository\io\cucumber\gherkin\26.2.0\gherkin-26.2.0.jar;C:\Users\ttpl-rt-120\.m2\repository\io\cucumber\messages\22.0.0\messages-22.0.0.jar;C:\Users\ttpl-rt-120\.m2\repository\io\cucumber\tag-expressions\6.0.0\tag-expressions-6.0.0.jar;C:\Users\ttpl-rt-120\.m2\repository\io\cucumber\cucumber-expressions\17.0.1\cucumber-expressions-17.0.1.jar;C:\Users\ttpl-rt-120\.m2\repository\io\cucumber\datatable\7.15.0\datatable-7.15.0.jar;C:\Users\ttpl-rt-120\.m2\repository\io\cucumber\cucumber-plugin\7.15.0\cucumber-plugin-7.15.0.jar;C:\Users\ttpl-rt-120\.m2\repository\io\cucumber\docstring\7.15.0\docstring-7.15.0.jar;C:\Users\ttpl-rt-120\.m2\repository\io\cucumber\html-formatter\20.4.0\html-formatter-20.4.0.jar;C:\Users\ttpl-rt-120\.m2\repository\io\cucumber\junit-xml-formatter\0.2.0\junit-xml-formatter-0.2.0.jar;C:\Users\ttpl-rt-120\.m2\repository\io\cucumber\ci-environment\10.0.0\ci-environment-10.0.0.jar;C:\Users\ttpl-rt-120\.m2\repository\org\apiguardian\apiguardian-api\1.1.2\apiguardian-api-1.1.2.jar;C:\Users\ttpl-rt-120\.m2\repository\io\cucumber\cucumber-java\7.15.0\cucumber-java-7.15.0.jar;C:\Users\ttpl-rt-120\.m2\repository\io\cucumber\cucumber-junit\7.15.0\cucumber-junit-7.15.0.jar;C:\Users\ttpl-rt-120\.m2\repository\io\cucumber\cucumber-testng\7.15.0\cucumber-testng-7.15.0.jar;C:\Users\ttpl-rt-120\.m2\repository\org\testng\testng\7.8.0\testng-7.8.0.jar;C:\Users\ttpl-rt-120\.m2\repository\org\webjars\jquery\3.6.1\jquery-3.6.1.jar;C:\Users\ttpl-rt-120\.m2\repository\junit\junit\4.13.1\junit-4.13.1.jar;C:\Users\ttpl-rt-120\.m2\repository\org\hamcrest\hamcrest-core\1.3\hamcrest-core-1.3.jar;C:\Users\ttpl-rt-120\.m2\repository\javax\xml\bind\jaxb-api\2.3.0\jaxb-api-2.3.0.jar;C:\Users\ttpl-rt-120\.m2\repository\com\sun\xml\bind\jaxb-impl\2.3.0\jaxb-impl-2.3.0.jar;C:\Users\ttpl-rt-120\.m2\repository\org\glassfish\jaxb\jaxb-runtime\2.3.0\jaxb-runtime-2.3.0.jar;C:\Users\ttpl-rt-120\.m2\repository\org\glassfish\jaxb\jaxb-core\2.3.0\jaxb-core-2.3.0.jar;C:\Users\ttpl-rt-120\.m2\repository\org\glassfish\jaxb\txw2\2.3.0\txw2-2.3.0.jar;C:\Users\ttpl-rt-120\.m2\repository\com\sun\istack\istack-commons-runtime\3.0.5\istack-commons-runtime-3.0.5.jar;C:\Users\ttpl-rt-120\.m2\repository\org\jvnet\staxex\stax-ex\1.7.8\stax-ex-1.7.8.jar;C:\Users\ttpl-rt-120\.m2\repository\com\sun\xml\fastinfoset\FastInfoset\1.2.13\FastInfoset-1.2.13.jar;C:\Users\ttpl-rt-120\.m2\repository\javax\activation\activation\1.1.1\activation-1.1.1.jar;C:\Users\ttpl-rt-120\.m2\repository\org\seleniumhq\selenium\selenium-firefox-driver\2.53.1\selenium-firefox-driver-2.53.1.jar;C:\Users\ttpl-rt-120\.m2\repository\org\apache\commons\commons-exec\1.3\commons-exec-1.3.jar;C:\Users\ttpl-rt-120\.m2\repository\org\seleniumhq\selenium\selenium-server\2.53.1\selenium-server-2.53.1.jar;C:\Users\ttpl-rt-120\.m2\repository\com\beust\jcommander\1.48\jcommander-1.48.jar;C:\Users\ttpl-rt-120\.m2\repository\org\bouncycastle\bcprov-jdk15on\1.48\bcprov-jdk15on-1.48.jar;C:\Users\ttpl-rt-120\.m2\repository\org\bouncycastle\bcpkix-jdk15on\1.48\bcpkix-jdk15on-1.48.jar;C:\Users\ttpl-rt-120\.m2\repository\mx4j\mx4j-tools\3.0.1\mx4j-tools-3.0.1.jar;C:\Users\ttpl-rt-120\.m2\repository\org\seleniumhq\selenium\jetty-repacked\9.2.13.v20150730\jetty-repacked-9.2.13.v20150730.jar;C:\Users\ttpl-rt-120\.m2\repository\javax\servlet\javax.servlet-api\3.1.0\javax.servlet-api-3.1.0.jar;C:\Users\ttpl-rt-120\.m2\repository\org\seleniumhq\selenium\jetty-rc-repacked\5\jetty-rc-repacked-5.jar;C:\Users\ttpl-rt-120\.m2\repository\net\jcip\jcip-annotations\1.0\jcip-annotations-1.0.jar;C:\Users\ttpl-rt-120\.m2\repository\org\yaml\snakeyaml\1.8\snakeyaml-1.8.jar;C:\Users\ttpl-rt-120\.m2\repository\org\seleniumhq\selenium\selenium-htmlunit-driver\2.52.0\selenium-htmlunit-driver-2.52.0.jar;C:\Users\ttpl-rt-120\.m2\repository\net\sourceforge\htmlunit\htmlunit\2.18\htmlunit-2.18.jar;C:\Users\ttpl-rt-120\.m2\repository\xalan\xalan\2.7.2\xalan-2.7.2.jar;C:\Users\ttpl-rt-120\.m2\repository\xalan\serializer\2.7.2\serializer-2.7.2.jar;C:\Users\ttpl-rt-120\.m2\repository\org\apache\httpcomponents\httpmime\4.5\httpmime-4.5.jar;C:\Users\ttpl-rt-120\.m2\repository\net\sourceforge\htmlunit\htmlunit-core-js\2.17\htmlunit-core-js-2.17.jar;C:\Users\ttpl-rt-120\.m2\repository\xerces\xercesImpl\2.11.0\xercesImpl-2.11.0.jar;C:\Users\ttpl-rt-120\.m2\repository\xml-apis\xml-apis\1.4.01\xml-apis-1.4.01.jar;C:\Users\ttpl-rt-120\.m2\repository\net\sourceforge\nekohtml\nekohtml\1.9.22\nekohtml-1.9.22.jar;C:\Users\ttpl-rt-120\.m2\repository\net\sourceforge\cssparser\cssparser\0.9.16\cssparser-0.9.16.jar;C:\Users\ttpl-rt-120\.m2\repository\org\w3c\css\sac\1.3\sac-1.3.jar;C:\Users\ttpl-rt-120\.m2\repository\commons-logging\commons-logging\1.2\commons-logging-1.2.jar;C:\Users\ttpl-rt-120\.m2\repository\org\eclipse\jetty\websocket\websocket-client\9.2.12.v20150709\websocket-client-9.2.12.v20150709.jar;C:\Users\ttpl-rt-120\.m2\repository\org\eclipse\jetty\jetty-util\9.2.12.v20150709\jetty-util-9.2.12.v20150709.jar;C:\Users\ttpl-rt-120\.m2\repository\org\eclipse\jetty\jetty-io\9.2.12.v20150709\jetty-io-9.2.12.v20150709.jar;C:\Users\ttpl-rt-120\.m2\repository\org\eclipse\jetty\websocket\websocket-common\9.2.12.v20150709\websocket-common-9.2.12.v20150709.jar;C:\Users\ttpl-rt-120\.m2\repository\org\eclipse\jetty\websocket\websocket-api\9.2.12.v20150709\websocket-api-9.2.12.v20150709.jar;C:\Users\ttpl-rt-120\.m2\repository\commons-collections\commons-collections\3.2.2\commons-collections-3.2.2.jar;C:\Users\ttpl-rt-120\.m2\repository\com\codeborne\phantomjsdriver\1.3.0\phantomjsdriver-1.3.0.jar;C:\Users\ttpl-rt-120\.m2\repository\log4j\log4j\1.2.16\log4j-1.2.16.jar;C:\Users\ttpl-rt-120\.m2\repository\org\slf4j\slf4j-log4j12\1.7.5\slf4j-log4j12-1.7.5.jar;C:\Users\ttpl-rt-120\.m2\repository\info\cukes\cucumber-jvm-deps\1.0.5\cucumber-jvm-deps-1.0.5.jar;C:\Users\ttpl-rt-120\.m2\repository\info\cukes\cucumber-java\1.2.4\cucumber-java-1.2.4.jar;C:\Users\ttpl-rt-120\.m2\repository\info\cukes\cucumber-core\1.2.4\cucumber-core-1.2.4.jar;C:\Users\ttpl-rt-120\.m2\repository\info\cukes\cucumber-html\0.2.3\cucumber-html-0.2.3.jar;C:\Users\ttpl-rt-120\.m2\repository\info\cukes\cucumber-testng\1.2.4\cucumber-testng-1.2.4.jar;C:\Users\ttpl-rt-120\.m2\repository\org\hamcrest\hamcrest-all\1.3\hamcrest-all-1.3.jar;C:\Users\ttpl-rt-120\.m2\repository\info\cukes\cucumber-picocontainer\1.2.4\cucumber-picocontainer-1.2.4.jar;C:\Users\ttpl-rt-120\.m2\repository\info\cukes\gherkin\2.12.2\gherkin-2.12.2.jar;C:\Users\ttpl-rt-120\.m2\repository\org\picocontainer\picocontainer\2.15\picocontainer-2.15.jar;C:\Users\ttpl-rt-120\.m2\repository\net\masterthought\cucumber-reporting\2.7.0\cucumber-reporting-2.7.0.jar;C:\Users\ttpl-rt-120\.m2\repository\com\fasterxml\jackson\core\jackson-databind\2.8.0\jackson-databind-2.8.0.jar;C:\Users\ttpl-rt-120\.m2\repository\com\fasterxml\jackson\core\jackson-annotations\2.8.0\jackson-annotations-2.8.0.jar;C:\Users\ttpl-rt-120\.m2\repository\com\fasterxml\jackson\core\jackson-core\2.8.0\jackson-core-2.8.0.jar;C:\Users\ttpl-rt-120\.m2\repository\org\apache\velocity\velocity\1.7\velocity-1.7.jar;C:\Users\ttpl-rt-120\.m2\repository\commons-lang\commons-lang\2.4\commons-lang-2.4.jar;C:\Users\ttpl-rt-120\.m2\repository\velocity-tools\velocity-tools\1.4\velocity-tools-1.4.jar;C:\Users\ttpl-rt-120\.m2\repository\joda-time\joda-time\2.9.4\joda-time-2.9.4.jar;C:\Users\ttpl-rt-120\.m2\repository\net\lingala\zip4j\zip4j\1.3.2\zip4j-1.3.2.jar;C:\Users\ttpl-rt-120\.m2\repository\org\codehaus\plexus\plexus-utils\3.0.24\plexus-utils-3.0.24.jar;C:\Users\ttpl-rt-120\.m2\repository\org\jsoup\jsoup\1.9.2\jsoup-1.9.2.jar;"/>
    <property name="java.vm.vendor" value="Oracle Corporation"/>
    <property name="sun.arch.data.model" value="64"/>
    <property name="user.variant" value=""/>
    <property name="java.vendor.url" value="https://java.oracle.com/"/>
    <property name="user.timezone" value="Asia/Calcutta"/>
    <property name="os.name" value="Windows 11"/>
    <property name="java.vm.specification.version" value="17"/>
    <property name="sun.java.launcher" value="SUN_STANDARD"/>
    <property name="user.country" value="IN"/>
    <property name="sun.boot.library.path" value="C:\Program Files\Java\jdk-17\bin"/>
    <property name="sun.java.command" value="C:\Users\ttpl-rt-120\AppData\Local\Temp\surefire3091690502208123589\surefirebooter-20241017115524292_3.jar C:\Users\ttpl-rt-120\AppData\Local\Temp\surefire3091690502208123589 2024-10-17T11-55-24_169-jvmRun1 surefire-20241017115524292_1tmp surefire_0-20241017115524292_2tmp"/>
    <property name="jdk.debug" value="release"/>
    <property name="surefire.test.class.path" value="C:\Users\ttpl-rt-120\Downloads\Automation_Framework (6)\Automation_Framework (2)\Automation_Framework\CucumberAutomation\target\test-classes;C:\Users\ttpl-rt-120\Downloads\Automation_Framework (6)\Automation_Framework (2)\Automation_Framework\CucumberAutomation\target\classes;C:\Users\ttpl-rt-120\.m2\repository\com\google\cloud\google-cloud-texttospeech\2.47.0\google-cloud-texttospeech-2.47.0.jar;C:\Users\ttpl-rt-120\.m2\repository\io\grpc\grpc-api\1.62.2\grpc-api-1.62.2.jar;C:\Users\ttpl-rt-120\.m2\repository\com\google\code\findbugs\jsr305\3.0.2\jsr305-3.0.2.jar;C:\Users\ttpl-rt-120\.m2\repository\com\google\errorprone\error_prone_annotations\2.28.0\error_prone_annotations-2.28.0.jar;C:\Users\ttpl-rt-120\.m2\repository\io\grpc\grpc-stub\1.62.2\grpc-stub-1.62.2.jar;C:\Users\ttpl-rt-120\.m2\repository\io\grpc\grpc-protobuf\1.62.2\grpc-protobuf-1.62.2.jar;C:\Users\ttpl-rt-120\.m2\repository\io\grpc\grpc-protobuf-lite\1.62.2\grpc-protobuf-lite-1.62.2.jar;C:\Users\ttpl-rt-120\.m2\repository\com\google\api\api-common\2.33.0\api-common-2.33.0.jar;C:\Users\ttpl-rt-120\.m2\repository\com\google\auto\value\auto-value-annotations\1.10.4\auto-value-annotations-1.10.4.jar;C:\Users\ttpl-rt-120\.m2\repository\javax\annotation\javax.annotation-api\1.3.2\javax.annotation-api-1.3.2.jar;C:\Users\ttpl-rt-120\.m2\repository\com\google\j2objc\j2objc-annotations\3.0.0\j2objc-annotations-3.0.0.jar;C:\Users\ttpl-rt-120\.m2\repository\com\google\protobuf\protobuf-java\3.25.3\protobuf-java-3.25.3.jar;C:\Users\ttpl-rt-120\.m2\repository\com\google\api\grpc\proto-google-common-protos\2.41.0\proto-google-common-protos-2.41.0.jar;C:\Users\ttpl-rt-120\.m2\repository\com\google\api\grpc\proto-google-cloud-texttospeech-v1\2.47.0\proto-google-cloud-texttospeech-v1-2.47.0.jar;C:\Users\ttpl-rt-120\.m2\repository\com\google\api\grpc\proto-google-cloud-texttospeech-v1beta1\0.136.0\proto-google-cloud-texttospeech-v1beta1-0.136.0.jar;C:\Users\ttpl-rt-120\.m2\repository\com\google\guava\failureaccess\1.0.2\failureaccess-1.0.2.jar;C:\Users\ttpl-rt-120\.m2\repository\com\google\guava\listenablefuture\9999.0-empty-to-avoid-conflict-with-guava\listenablefuture-9999.0-empty-to-avoid-conflict-with-guava.jar;C:\Users\ttpl-rt-120\.m2\repository\org\checkerframework\checker-qual\3.44.0\checker-qual-3.44.0.jar;C:\Users\ttpl-rt-120\.m2\repository\com\google\api\gax\2.50.0\gax-2.50.0.jar;C:\Users\ttpl-rt-120\.m2\repository\com\google\auth\google-auth-library-credentials\1.23.0\google-auth-library-credentials-1.23.0.jar;C:\Users\ttpl-rt-120\.m2\repository\io\opencensus\opencensus-api\0.31.1\opencensus-api-0.31.1.jar;C:\Users\ttpl-rt-120\.m2\repository\io\grpc\grpc-context\1.62.2\grpc-context-1.62.2.jar;C:\Users\ttpl-rt-120\.m2\repository\com\google\auth\google-auth-library-oauth2-http\1.23.0\google-auth-library-oauth2-http-1.23.0.jar;C:\Users\ttpl-rt-120\.m2\repository\com\google\api\gax-grpc\2.50.0\gax-grpc-2.50.0.jar;C:\Users\ttpl-rt-120\.m2\repository\io\grpc\grpc-inprocess\1.62.2\grpc-inprocess-1.62.2.jar;C:\Users\ttpl-rt-120\.m2\repository\io\grpc\grpc-core\1.62.2\grpc-core-1.62.2.jar;C:\Users\ttpl-rt-120\.m2\repository\com\google\android\annotations\4.1.1.4\annotations-4.1.1.4.jar;C:\Users\ttpl-rt-120\.m2\repository\org\codehaus\mojo\animal-sniffer-annotations\1.23\animal-sniffer-annotations-1.23.jar;C:\Users\ttpl-rt-120\.m2\repository\io\grpc\grpc-alts\1.62.2\grpc-alts-1.62.2.jar;C:\Users\ttpl-rt-120\.m2\repository\io\grpc\grpc-grpclb\1.62.2\grpc-grpclb-1.62.2.jar;C:\Users\ttpl-rt-120\.m2\repository\org\conscrypt\conscrypt-openjdk-uber\2.5.2\conscrypt-openjdk-uber-2.5.2.jar;C:\Users\ttpl-rt-120\.m2\repository\io\grpc\grpc-auth\1.62.2\grpc-auth-1.62.2.jar;C:\Users\ttpl-rt-120\.m2\repository\io\grpc\grpc-netty-shaded\1.62.2\grpc-netty-shaded-1.62.2.jar;C:\Users\ttpl-rt-120\.m2\repository\io\grpc\grpc-util\1.62.2\grpc-util-1.62.2.jar;C:\Users\ttpl-rt-120\.m2\repository\io\perfmark\perfmark-api\0.27.0\perfmark-api-0.27.0.jar;C:\Users\ttpl-rt-120\.m2\repository\io\grpc\grpc-googleapis\1.62.2\grpc-googleapis-1.62.2.jar;C:\Users\ttpl-rt-120\.m2\repository\io\grpc\grpc-xds\1.62.2\grpc-xds-1.62.2.jar;C:\Users\ttpl-rt-120\.m2\repository\io\opencensus\opencensus-proto\0.2.0\opencensus-proto-0.2.0.jar;C:\Users\ttpl-rt-120\.m2\repository\io\grpc\grpc-services\1.62.2\grpc-services-1.62.2.jar;C:\Users\ttpl-rt-120\.m2\repository\com\google\re2j\re2j\1.7\re2j-1.7.jar;C:\Users\ttpl-rt-120\.m2\repository\com\google\api\gax-httpjson\2.50.0\gax-httpjson-2.50.0.jar;C:\Users\ttpl-rt-120\.m2\repository\com\google\code\gson\gson\2.11.0\gson-2.11.0.jar;C:\Users\ttpl-rt-120\.m2\repository\com\google\http-client\google-http-client\1.44.2\google-http-client-1.44.2.jar;C:\Users\ttpl-rt-120\.m2\repository\org\apache\httpcomponents\httpclient\4.5.14\httpclient-4.5.14.jar;C:\Users\ttpl-rt-120\.m2\repository\commons-codec\commons-codec\1.17.0\commons-codec-1.17.0.jar;C:\Users\ttpl-rt-120\.m2\repository\org\apache\httpcomponents\httpcore\4.4.16\httpcore-4.4.16.jar;C:\Users\ttpl-rt-120\.m2\repository\io\opencensus\opencensus-contrib-http-util\0.31.1\opencensus-contrib-http-util-0.31.1.jar;C:\Users\ttpl-rt-120\.m2\repository\com\google\http-client\google-http-client-gson\1.44.2\google-http-client-gson-1.44.2.jar;C:\Users\ttpl-rt-120\.m2\repository\com\google\protobuf\protobuf-java-util\3.25.3\protobuf-java-util-3.25.3.jar;C:\Users\ttpl-rt-120\.m2\repository\org\threeten\threetenbp\1.6.9\threetenbp-1.6.9.jar;C:\Users\ttpl-rt-120\.m2\repository\net\sf\sociaal\freetts\1.2.2\freetts-1.2.2.jar;C:\Users\ttpl-rt-120\.m2\repository\org\projectlombok\lombok\1.18.26\lombok-1.18.26.jar;C:\Users\ttpl-rt-120\.m2\repository\org\apache\maven\maven-core\4.0.0-alpha-5\maven-core-4.0.0-alpha-5.jar;C:\Users\ttpl-rt-120\.m2\repository\org\apache\maven\maven-model\4.0.0-alpha-5\maven-model-4.0.0-alpha-5.jar;C:\Users\ttpl-rt-120\.m2\repository\org\apache\maven\maven-api-model\4.0.0-alpha-5\maven-api-model-4.0.0-alpha-5.jar;C:\Users\ttpl-rt-120\.m2\repository\org\apache\maven\maven-api-xml\4.0.0-alpha-5\maven-api-xml-4.0.0-alpha-5.jar;C:\Users\ttpl-rt-120\.m2\repository\org\apache\maven\maven-xml-impl\4.0.0-alpha-5\maven-xml-impl-4.0.0-alpha-5.jar;C:\Users\ttpl-rt-120\.m2\repository\org\apache\maven\maven-settings\4.0.0-alpha-5\maven-settings-4.0.0-alpha-5.jar;C:\Users\ttpl-rt-120\.m2\repository\org\apache\maven\maven-api-settings\4.0.0-alpha-5\maven-api-settings-4.0.0-alpha-5.jar;C:\Users\ttpl-rt-120\.m2\repository\org\apache\maven\maven-settings-builder\4.0.0-alpha-5\maven-settings-builder-4.0.0-alpha-5.jar;C:\Users\ttpl-rt-120\.m2\repository\org\apache\maven\maven-builder-support\4.0.0-alpha-5\maven-builder-support-4.0.0-alpha-5.jar;C:\Users\ttpl-rt-120\.m2\repository\org\codehaus\plexus\plexus-interpolation\1.26\plexus-interpolation-1.26.jar;C:\Users\ttpl-rt-120\.m2\repository\org\codehaus\plexus\plexus-sec-dispatcher\2.0\plexus-sec-dispatcher-2.0.jar;C:\Users\ttpl-rt-120\.m2\repository\org\codehaus\plexus\plexus-cipher\2.0\plexus-cipher-2.0.jar;C:\Users\ttpl-rt-120\.m2\repository\org\apache\maven\maven-toolchain-model\4.0.0-alpha-5\maven-toolchain-model-4.0.0-alpha-5.jar;C:\Users\ttpl-rt-120\.m2\repository\org\apache\maven\maven-api-toolchain\4.0.0-alpha-5\maven-api-toolchain-4.0.0-alpha-5.jar;C:\Users\ttpl-rt-120\.m2\repository\org\apache\maven\maven-toolchain-builder\4.0.0-alpha-5\maven-toolchain-builder-4.0.0-alpha-5.jar;C:\Users\ttpl-rt-120\.m2\repository\org\apache\maven\maven-repository-metadata\4.0.0-alpha-5\maven-repository-metadata-4.0.0-alpha-5.jar;C:\Users\ttpl-rt-120\.m2\repository\org\apache\maven\maven-artifact\4.0.0-alpha-5\maven-artifact-4.0.0-alpha-5.jar;C:\Users\ttpl-rt-120\.m2\repository\org\apache\maven\maven-plugin-api\4.0.0-alpha-5\maven-plugin-api-4.0.0-alpha-5.jar;C:\Users\ttpl-rt-120\.m2\repository\org\apache\maven\maven-model-builder\4.0.0-alpha-5\maven-model-builder-4.0.0-alpha-5.jar;C:\Users\ttpl-rt-120\.m2\repository\org\apache\maven\maven-model-transform\4.0.0-alpha-5\maven-model-transform-4.0.0-alpha-5.jar;C:\Users\ttpl-rt-120\.m2\repository\org\apache\maven\maven-resolver-provider\4.0.0-alpha-5\maven-resolver-provider-4.0.0-alpha-5.jar;C:\Users\ttpl-rt-120\.m2\repository\org\apache\maven\maven-api-core\4.0.0-alpha-5\maven-api-core-4.0.0-alpha-5.jar;C:\Users\ttpl-rt-120\.m2\repository\org\apache\maven\maven-api-meta\4.0.0-alpha-5\maven-api-meta-4.0.0-alpha-5.jar;C:\Users\ttpl-rt-120\.m2\repository\org\apache\maven\resolver\maven-resolver-impl\1.9.7\maven-resolver-impl-1.9.7.jar;C:\Users\ttpl-rt-120\.m2\repository\org\apache\maven\resolver\maven-resolver-named-locks\1.9.7\maven-resolver-named-locks-1.9.7.jar;C:\Users\ttpl-rt-120\.m2\repository\org\apache\maven\resolver\maven-resolver-api\1.9.7\maven-resolver-api-1.9.7.jar;C:\Users\ttpl-rt-120\.m2\repository\org\apache\maven\resolver\maven-resolver-spi\1.9.7\maven-resolver-spi-1.9.7.jar;C:\Users\ttpl-rt-120\.m2\repository\org\apache\maven\resolver\maven-resolver-util\1.9.7\maven-resolver-util-1.9.7.jar;C:\Users\ttpl-rt-120\.m2\repository\org\apache\maven\shared\maven-shared-utils\3.3.4\maven-shared-utils-3.3.4.jar;C:\Users\ttpl-rt-120\.m2\repository\org\eclipse\sisu\org.eclipse.sisu.plexus\0.3.5\org.eclipse.sisu.plexus-0.3.5.jar;C:\Users\ttpl-rt-120\.m2\repository\org\codehaus\plexus\plexus-component-annotations\1.5.5\plexus-component-annotations-1.5.5.jar;C:\Users\ttpl-rt-120\.m2\repository\org\eclipse\sisu\org.eclipse.sisu.inject\0.3.5\org.eclipse.sisu.inject-0.3.5.jar;C:\Users\ttpl-rt-120\.m2\repository\com\google\inject\guice\5.1.0\guice-5.1.0.jar;C:\Users\ttpl-rt-120\.m2\repository\aopalliance\aopalliance\1.0\aopalliance-1.0.jar;C:\Users\ttpl-rt-120\.m2\repository\javax\inject\javax.inject\1\javax.inject-1.jar;C:\Users\ttpl-rt-120\.m2\repository\org\apache\maven\plexus-utils\4.0.0-alpha-5\plexus-utils-4.0.0-alpha-5.jar;C:\Users\ttpl-rt-120\.m2\repository\org\codehaus\plexus\plexus-classworlds\2.6.0\plexus-classworlds-2.6.0.jar;C:\Users\ttpl-rt-120\.m2\repository\org\apache\commons\commons-lang3\3.12.0\commons-lang3-3.12.0.jar;C:\Users\ttpl-rt-120\.m2\repository\com\google\api-client\google-api-client\1.33.0\google-api-client-1.33.0.jar;C:\Users\ttpl-rt-120\.m2\repository\com\google\oauth-client\google-oauth-client\1.32.1\google-oauth-client-1.32.1.jar;C:\Users\ttpl-rt-120\.m2\repository\com\google\http-client\google-http-client-apache-v2\1.41.0\google-http-client-apache-v2-1.41.0.jar;C:\Users\ttpl-rt-120\.m2\repository\com\google\oauth-client\google-oauth-client-jetty\1.33.1\google-oauth-client-jetty-1.33.1.jar;C:\Users\ttpl-rt-120\.m2\repository\com\google\oauth-client\google-oauth-client-java6\1.33.1\google-oauth-client-java6-1.33.1.jar;C:\Users\ttpl-rt-120\.m2\repository\com\google\apis\google-api-services-drive\v3-rev197-1.25.0\google-api-services-drive-v3-rev197-1.25.0.jar;C:\Users\ttpl-rt-120\.m2\repository\org\seleniumhq\selenium\selenium-java\4.11.0\selenium-java-4.11.0.jar;C:\Users\ttpl-rt-120\.m2\repository\org\seleniumhq\selenium\selenium-api\4.11.0\selenium-api-4.11.0.jar;C:\Users\ttpl-rt-120\.m2\repository\org\seleniumhq\selenium\selenium-devtools-v113\4.11.0\selenium-devtools-v113-4.11.0.jar;C:\Users\ttpl-rt-120\.m2\repository\org\seleniumhq\selenium\selenium-devtools-v114\4.11.0\selenium-devtools-v114-4.11.0.jar;C:\Users\ttpl-rt-120\.m2\repository\org\seleniumhq\selenium\selenium-devtools-v115\4.11.0\selenium-devtools-v115-4.11.0.jar;C:\Users\ttpl-rt-120\.m2\repository\org\seleniumhq\selenium\selenium-devtools-v85\4.11.0\selenium-devtools-v85-4.11.0.jar;C:\Users\ttpl-rt-120\.m2\repository\org\seleniumhq\selenium\selenium-edge-driver\4.11.0\selenium-edge-driver-4.11.0.jar;C:\Users\ttpl-rt-120\.m2\repository\org\seleniumhq\selenium\selenium-ie-driver\4.11.0\selenium-ie-driver-4.11.0.jar;C:\Users\ttpl-rt-120\.m2\repository\org\seleniumhq\selenium\selenium-remote-driver\4.11.0\selenium-remote-driver-4.11.0.jar;C:\Users\ttpl-rt-120\.m2\repository\io\netty\netty-buffer\4.1.92.Final\netty-buffer-4.1.92.Final.jar;C:\Users\ttpl-rt-120\.m2\repository\io\netty\netty-codec-http\4.1.92.Final\netty-codec-http-4.1.92.Final.jar;C:\Users\ttpl-rt-120\.m2\repository\io\netty\netty-codec\4.1.92.Final\netty-codec-4.1.92.Final.jar;C:\Users\ttpl-rt-120\.m2\repository\io\netty\netty-handler\4.1.92.Final\netty-handler-4.1.92.Final.jar;C:\Users\ttpl-rt-120\.m2\repository\io\netty\netty-common\4.1.92.Final\netty-common-4.1.92.Final.jar;C:\Users\ttpl-rt-120\.m2\repository\io\netty\netty-transport-classes-epoll\4.1.92.Final\netty-transport-classes-epoll-4.1.92.Final.jar;C:\Users\ttpl-rt-120\.m2\repository\io\netty\netty-transport-classes-kqueue\4.1.92.Final\netty-transport-classes-kqueue-4.1.92.Final.jar;C:\Users\ttpl-rt-120\.m2\repository\io\netty\netty-transport-native-epoll\4.1.92.Final\netty-transport-native-epoll-4.1.92.Final.jar;C:\Users\ttpl-rt-120\.m2\repository\io\netty\netty-transport-native-kqueue\4.1.92.Final\netty-transport-native-kqueue-4.1.92.Final.jar;C:\Users\ttpl-rt-120\.m2\repository\io\netty\netty-transport-native-unix-common\4.1.92.Final\netty-transport-native-unix-common-4.1.92.Final.jar;C:\Users\ttpl-rt-120\.m2\repository\io\netty\netty-transport\4.1.92.Final\netty-transport-4.1.92.Final.jar;C:\Users\ttpl-rt-120\.m2\repository\io\netty\netty-resolver\4.1.92.Final\netty-resolver-4.1.92.Final.jar;C:\Users\ttpl-rt-120\.m2\repository\io\opentelemetry\opentelemetry-api\1.26.0\opentelemetry-api-1.26.0.jar;C:\Users\ttpl-rt-120\.m2\repository\io\opentelemetry\opentelemetry-context\1.26.0\opentelemetry-context-1.26.0.jar;C:\Users\ttpl-rt-120\.m2\repository\io\opentelemetry\opentelemetry-exporter-logging\1.26.0\opentelemetry-exporter-logging-1.26.0.jar;C:\Users\ttpl-rt-120\.m2\repository\io\opentelemetry\opentelemetry-sdk-metrics\1.26.0\opentelemetry-sdk-metrics-1.26.0.jar;C:\Users\ttpl-rt-120\.m2\repository\io\opentelemetry\opentelemetry-extension-incubator\1.26.0-alpha\opentelemetry-extension-incubator-1.26.0-alpha.jar;C:\Users\ttpl-rt-120\.m2\repository\io\opentelemetry\opentelemetry-sdk-logs\1.26.0-alpha\opentelemetry-sdk-logs-1.26.0-alpha.jar;C:\Users\ttpl-rt-120\.m2\repository\io\opentelemetry\opentelemetry-api-logs\1.26.0-alpha\opentelemetry-api-logs-1.26.0-alpha.jar;C:\Users\ttpl-rt-120\.m2\repository\io\opentelemetry\opentelemetry-api-events\1.26.0-alpha\opentelemetry-api-events-1.26.0-alpha.jar;C:\Users\ttpl-rt-120\.m2\repository\io\opentelemetry\opentelemetry-sdk-common\1.26.0\opentelemetry-sdk-common-1.26.0.jar;C:\Users\ttpl-rt-120\.m2\repository\io\opentelemetry\opentelemetry-sdk-extension-autoconfigure-spi\1.26.0\opentelemetry-sdk-extension-autoconfigure-spi-1.26.0.jar;C:\Users\ttpl-rt-120\.m2\repository\io\opentelemetry\opentelemetry-sdk-extension-autoconfigure\1.26.0-alpha\opentelemetry-sdk-extension-autoconfigure-1.26.0-alpha.jar;C:\Users\ttpl-rt-120\.m2\repository\io\opentelemetry\opentelemetry-sdk-trace\1.26.0\opentelemetry-sdk-trace-1.26.0.jar;C:\Users\ttpl-rt-120\.m2\repository\io\opentelemetry\opentelemetry-sdk\1.26.0\opentelemetry-sdk-1.26.0.jar;C:\Users\ttpl-rt-120\.m2\repository\io\opentelemetry\opentelemetry-semconv\1.26.0-alpha\opentelemetry-semconv-1.26.0-alpha.jar;C:\Users\ttpl-rt-120\.m2\repository\net\bytebuddy\byte-buddy\1.14.4\byte-buddy-1.14.4.jar;C:\Users\ttpl-rt-120\.m2\repository\org\asynchttpclient\async-http-client\2.12.3\async-http-client-2.12.3.jar;C:\Users\ttpl-rt-120\.m2\repository\org\asynchttpclient\async-http-client-netty-utils\2.12.3\async-http-client-netty-utils-2.12.3.jar;C:\Users\ttpl-rt-120\.m2\repository\io\netty\netty-codec-socks\4.1.60.Final\netty-codec-socks-4.1.60.Final.jar;C:\Users\ttpl-rt-120\.m2\repository\io\netty\netty-handler-proxy\4.1.60.Final\netty-handler-proxy-4.1.60.Final.jar;C:\Users\ttpl-rt-120\.m2\repository\io\netty\netty-transport-native-epoll\4.1.60.Final\netty-transport-native-epoll-4.1.60.Final-linux-x86_64.jar;C:\Users\ttpl-rt-120\.m2\repository\io\netty\netty-transport-native-kqueue\4.1.60.Final\netty-transport-native-kqueue-4.1.60.Final-osx-x86_64.jar;C:\Users\ttpl-rt-120\.m2\repository\com\typesafe\netty\netty-reactive-streams\2.0.4\netty-reactive-streams-2.0.4.jar;C:\Users\ttpl-rt-120\.m2\repository\com\sun\activation\jakarta.activation\1.2.2\jakarta.activation-1.2.2.jar;C:\Users\ttpl-rt-120\.m2\repository\org\seleniumhq\selenium\selenium-http\4.11.0\selenium-http-4.11.0.jar;C:\Users\ttpl-rt-120\.m2\repository\dev\failsafe\failsafe\3.3.1\failsafe-3.3.1.jar;C:\Users\ttpl-rt-120\.m2\repository\org\seleniumhq\selenium\selenium-safari-driver\4.11.0\selenium-safari-driver-4.11.0.jar;C:\Users\ttpl-rt-120\.m2\repository\org\seleniumhq\selenium\selenium-support\4.11.0\selenium-support-4.11.0.jar;C:\Users\ttpl-rt-120\.m2\repository\io\qameta\allure\allure-java-commons\2.23.0\allure-java-commons-2.23.0.jar;C:\Users\ttpl-rt-120\.m2\repository\io\qameta\allure\allure-model\2.23.0\allure-model-2.23.0.jar;C:\Users\ttpl-rt-120\.m2\repository\org\slf4j\slf4j-api\1.7.5\slf4j-api-1.7.5.jar;C:\Users\ttpl-rt-120\.m2\repository\org\apache\logging\log4j\log4j-core\3.0.0-alpha1\log4j-core-3.0.0-alpha1.jar;C:\Users\ttpl-rt-120\.m2\repository\org\apache\logging\log4j\log4j-api\3.0.0-alpha1\log4j-api-3.0.0-alpha1.jar;C:\Users\ttpl-rt-120\.m2\repository\org\apache\logging\log4j\log4j-plugins\3.0.0-alpha1\log4j-plugins-3.0.0-alpha1.jar;C:\Users\ttpl-rt-120\.m2\repository\javax\activation\javax.activation-api\1.2.0\javax.activation-api-1.2.0.jar;C:\Users\ttpl-rt-120\.m2\repository\com\fasterxml\woodstox\woodstox-core\6.5.0\woodstox-core-6.5.0.jar;C:\Users\ttpl-rt-120\.m2\repository\org\codehaus\woodstox\stax2-api\4.2.1\stax2-api-4.2.1.jar;C:\Users\ttpl-rt-120\.m2\repository\org\seleniumhq\selenium\selenium-chrome-driver\4.11.0\selenium-chrome-driver-4.11.0.jar;C:\Users\ttpl-rt-120\.m2\repository\com\google\auto\service\auto-service-annotations\1.0.1\auto-service-annotations-1.0.1.jar;C:\Users\ttpl-rt-120\.m2\repository\org\seleniumhq\selenium\selenium-chromium-driver\4.11.0\selenium-chromium-driver-4.11.0.jar;C:\Users\ttpl-rt-120\.m2\repository\org\seleniumhq\selenium\selenium-json\4.11.0\selenium-json-4.11.0.jar;C:\Users\ttpl-rt-120\.m2\repository\org\seleniumhq\selenium\selenium-manager\4.11.0\selenium-manager-4.11.0.jar;C:\Users\ttpl-rt-120\.m2\repository\com\google\guava\guava\32.1.2-jre\guava-32.1.2-jre.jar;C:\Users\ttpl-rt-120\.m2\repository\org\apache\poi\poi-ooxml\5.2.3\poi-ooxml-5.2.3.jar;C:\Users\ttpl-rt-120\.m2\repository\org\apache\poi\poi\5.2.3\poi-5.2.3.jar;C:\Users\ttpl-rt-120\.m2\repository\org\apache\commons\commons-math3\3.6.1\commons-math3-3.6.1.jar;C:\Users\ttpl-rt-120\.m2\repository\com\zaxxer\SparseBitSet\1.2\SparseBitSet-1.2.jar;C:\Users\ttpl-rt-120\.m2\repository\org\apache\poi\poi-ooxml-lite\5.2.3\poi-ooxml-lite-5.2.3.jar;C:\Users\ttpl-rt-120\.m2\repository\org\apache\xmlbeans\xmlbeans\5.1.1\xmlbeans-5.1.1.jar;C:\Users\ttpl-rt-120\.m2\repository\org\apache\commons\commons-compress\1.21\commons-compress-1.21.jar;C:\Users\ttpl-rt-120\.m2\repository\commons-io\commons-io\2.11.0\commons-io-2.11.0.jar;C:\Users\ttpl-rt-120\.m2\repository\com\github\virtuald\curvesapi\1.07\curvesapi-1.07.jar;C:\Users\ttpl-rt-120\.m2\repository\org\apache\commons\commons-collections4\4.4\commons-collections4-4.4.jar;C:\Users\ttpl-rt-120\.m2\repository\org\apache\poi\poi-ooxml-schemas\4.1.2\poi-ooxml-schemas-4.1.2.jar;C:\Users\ttpl-rt-120\.m2\repository\io\github\bonigarcia\webdrivermanager\5.9.2\webdrivermanager-5.9.2.jar;C:\Users\ttpl-rt-120\.m2\repository\com\github\docker-java\docker-java\3.4.0\docker-java-3.4.0.jar;C:\Users\ttpl-rt-120\.m2\repository\com\github\docker-java\docker-java-core\3.4.0\docker-java-core-3.4.0.jar;C:\Users\ttpl-rt-120\.m2\repository\com\github\docker-java\docker-java-api\3.4.0\docker-java-api-3.4.0.jar;C:\Users\ttpl-rt-120\.m2\repository\org\slf4j\jcl-over-slf4j\1.7.30\jcl-over-slf4j-1.7.30.jar;C:\Users\ttpl-rt-120\.m2\repository\com\github\docker-java\docker-java-transport-httpclient5\3.4.0\docker-java-transport-httpclient5-3.4.0.jar;C:\Users\ttpl-rt-120\.m2\repository\com\github\docker-java\docker-java-transport\3.4.0\docker-java-transport-3.4.0.jar;C:\Users\ttpl-rt-120\.m2\repository\net\java\dev\jna\jna\5.13.0\jna-5.13.0.jar;C:\Users\ttpl-rt-120\.m2\repository\org\brotli\dec\0.1.2\dec-0.1.2.jar;C:\Users\ttpl-rt-120\.m2\repository\org\apache\httpcomponents\client5\httpclient5\5.2.1\httpclient5-5.2.1.jar;C:\Users\ttpl-rt-120\.m2\repository\org\apache\httpcomponents\core5\httpcore5\5.2\httpcore5-5.2.jar;C:\Users\ttpl-rt-120\.m2\repository\org\apache\httpcomponents\core5\httpcore5-h2\5.2\httpcore5-h2-5.2.jar;C:\Users\ttpl-rt-120\.m2\repository\com\aventstack\extentreports\5.0.9\extentreports-5.0.9.jar;C:\Users\ttpl-rt-120\.m2\repository\io\reactivex\rxjava3\rxjava\3.0.4\rxjava-3.0.4.jar;C:\Users\ttpl-rt-120\.m2\repository\org\reactivestreams\reactive-streams\1.0.3\reactive-streams-1.0.3.jar;C:\Users\ttpl-rt-120\.m2\repository\org\freemarker\freemarker\2.3.30\freemarker-2.3.30.jar;C:\Users\ttpl-rt-120\.m2\repository\org\json\json\20231013\json-20231013.jar;C:\Users\ttpl-rt-120\.m2\repository\io\cucumber\cucumber-core\7.15.0\cucumber-core-7.15.0.jar;C:\Users\ttpl-rt-120\.m2\repository\io\cucumber\cucumber-gherkin\7.15.0\cucumber-gherkin-7.15.0.jar;C:\Users\ttpl-rt-120\.m2\repository\io\cucumber\cucumber-gherkin-messages\7.15.0\cucumber-gherkin-messages-7.15.0.jar;C:\Users\ttpl-rt-120\.m2\repository\io\cucumber\gherkin\26.2.0\gherkin-26.2.0.jar;C:\Users\ttpl-rt-120\.m2\repository\io\cucumber\messages\22.0.0\messages-22.0.0.jar;C:\Users\ttpl-rt-120\.m2\repository\io\cucumber\tag-expressions\6.0.0\tag-expressions-6.0.0.jar;C:\Users\ttpl-rt-120\.m2\repository\io\cucumber\cucumber-expressions\17.0.1\cucumber-expressions-17.0.1.jar;C:\Users\ttpl-rt-120\.m2\repository\io\cucumber\datatable\7.15.0\datatable-7.15.0.jar;C:\Users\ttpl-rt-120\.m2\repository\io\cucumber\cucumber-plugin\7.15.0\cucumber-plugin-7.15.0.jar;C:\Users\ttpl-rt-120\.m2\repository\io\cucumber\docstring\7.15.0\docstring-7.15.0.jar;C:\Users\ttpl-rt-120\.m2\repository\io\cucumber\html-formatter\20.4.0\html-formatter-20.4.0.jar;C:\Users\ttpl-rt-120\.m2\repository\io\cucumber\junit-xml-formatter\0.2.0\junit-xml-formatter-0.2.0.jar;C:\Users\ttpl-rt-120\.m2\repository\io\cucumber\ci-environment\10.0.0\ci-environment-10.0.0.jar;C:\Users\ttpl-rt-120\.m2\repository\org\apiguardian\apiguardian-api\1.1.2\apiguardian-api-1.1.2.jar;C:\Users\ttpl-rt-120\.m2\repository\io\cucumber\cucumber-java\7.15.0\cucumber-java-7.15.0.jar;C:\Users\ttpl-rt-120\.m2\repository\io\cucumber\cucumber-junit\7.15.0\cucumber-junit-7.15.0.jar;C:\Users\ttpl-rt-120\.m2\repository\io\cucumber\cucumber-testng\7.15.0\cucumber-testng-7.15.0.jar;C:\Users\ttpl-rt-120\.m2\repository\org\testng\testng\7.8.0\testng-7.8.0.jar;C:\Users\ttpl-rt-120\.m2\repository\org\webjars\jquery\3.6.1\jquery-3.6.1.jar;C:\Users\ttpl-rt-120\.m2\repository\junit\junit\4.13.1\junit-4.13.1.jar;C:\Users\ttpl-rt-120\.m2\repository\org\hamcrest\hamcrest-core\1.3\hamcrest-core-1.3.jar;C:\Users\ttpl-rt-120\.m2\repository\javax\xml\bind\jaxb-api\2.3.0\jaxb-api-2.3.0.jar;C:\Users\ttpl-rt-120\.m2\repository\com\sun\xml\bind\jaxb-impl\2.3.0\jaxb-impl-2.3.0.jar;C:\Users\ttpl-rt-120\.m2\repository\org\glassfish\jaxb\jaxb-runtime\2.3.0\jaxb-runtime-2.3.0.jar;C:\Users\ttpl-rt-120\.m2\repository\org\glassfish\jaxb\jaxb-core\2.3.0\jaxb-core-2.3.0.jar;C:\Users\ttpl-rt-120\.m2\repository\org\glassfish\jaxb\txw2\2.3.0\txw2-2.3.0.jar;C:\Users\ttpl-rt-120\.m2\repository\com\sun\istack\istack-commons-runtime\3.0.5\istack-commons-runtime-3.0.5.jar;C:\Users\ttpl-rt-120\.m2\repository\org\jvnet\staxex\stax-ex\1.7.8\stax-ex-1.7.8.jar;C:\Users\ttpl-rt-120\.m2\repository\com\sun\xml\fastinfoset\FastInfoset\1.2.13\FastInfoset-1.2.13.jar;C:\Users\ttpl-rt-120\.m2\repository\javax\activation\activation\1.1.1\activation-1.1.1.jar;C:\Users\ttpl-rt-120\.m2\repository\org\seleniumhq\selenium\selenium-firefox-driver\2.53.1\selenium-firefox-driver-2.53.1.jar;C:\Users\ttpl-rt-120\.m2\repository\org\apache\commons\commons-exec\1.3\commons-exec-1.3.jar;C:\Users\ttpl-rt-120\.m2\repository\org\seleniumhq\selenium\selenium-server\2.53.1\selenium-server-2.53.1.jar;C:\Users\ttpl-rt-120\.m2\repository\com\beust\jcommander\1.48\jcommander-1.48.jar;C:\Users\ttpl-rt-120\.m2\repository\org\bouncycastle\bcprov-jdk15on\1.48\bcprov-jdk15on-1.48.jar;C:\Users\ttpl-rt-120\.m2\repository\org\bouncycastle\bcpkix-jdk15on\1.48\bcpkix-jdk15on-1.48.jar;C:\Users\ttpl-rt-120\.m2\repository\mx4j\mx4j-tools\3.0.1\mx4j-tools-3.0.1.jar;C:\Users\ttpl-rt-120\.m2\repository\org\seleniumhq\selenium\jetty-repacked\9.2.13.v20150730\jetty-repacked-9.2.13.v20150730.jar;C:\Users\ttpl-rt-120\.m2\repository\javax\servlet\javax.servlet-api\3.1.0\javax.servlet-api-3.1.0.jar;C:\Users\ttpl-rt-120\.m2\repository\org\seleniumhq\selenium\jetty-rc-repacked\5\jetty-rc-repacked-5.jar;C:\Users\ttpl-rt-120\.m2\repository\net\jcip\jcip-annotations\1.0\jcip-annotations-1.0.jar;C:\Users\ttpl-rt-120\.m2\repository\org\yaml\snakeyaml\1.8\snakeyaml-1.8.jar;C:\Users\ttpl-rt-120\.m2\repository\org\seleniumhq\selenium\selenium-htmlunit-driver\2.52.0\selenium-htmlunit-driver-2.52.0.jar;C:\Users\ttpl-rt-120\.m2\repository\net\sourceforge\htmlunit\htmlunit\2.18\htmlunit-2.18.jar;C:\Users\ttpl-rt-120\.m2\repository\xalan\xalan\2.7.2\xalan-2.7.2.jar;C:\Users\ttpl-rt-120\.m2\repository\xalan\serializer\2.7.2\serializer-2.7.2.jar;C:\Users\ttpl-rt-120\.m2\repository\org\apache\httpcomponents\httpmime\4.5\httpmime-4.5.jar;C:\Users\ttpl-rt-120\.m2\repository\net\sourceforge\htmlunit\htmlunit-core-js\2.17\htmlunit-core-js-2.17.jar;C:\Users\ttpl-rt-120\.m2\repository\xerces\xercesImpl\2.11.0\xercesImpl-2.11.0.jar;C:\Users\ttpl-rt-120\.m2\repository\xml-apis\xml-apis\1.4.01\xml-apis-1.4.01.jar;C:\Users\ttpl-rt-120\.m2\repository\net\sourceforge\nekohtml\nekohtml\1.9.22\nekohtml-1.9.22.jar;C:\Users\ttpl-rt-120\.m2\repository\net\sourceforge\cssparser\cssparser\0.9.16\cssparser-0.9.16.jar;C:\Users\ttpl-rt-120\.m2\repository\org\w3c\css\sac\1.3\sac-1.3.jar;C:\Users\ttpl-rt-120\.m2\repository\commons-logging\commons-logging\1.2\commons-logging-1.2.jar;C:\Users\ttpl-rt-120\.m2\repository\org\eclipse\jetty\websocket\websocket-client\9.2.12.v20150709\websocket-client-9.2.12.v20150709.jar;C:\Users\ttpl-rt-120\.m2\repository\org\eclipse\jetty\jetty-util\9.2.12.v20150709\jetty-util-9.2.12.v20150709.jar;C:\Users\ttpl-rt-120\.m2\repository\org\eclipse\jetty\jetty-io\9.2.12.v20150709\jetty-io-9.2.12.v20150709.jar;C:\Users\ttpl-rt-120\.m2\repository\org\eclipse\jetty\websocket\websocket-common\9.2.12.v20150709\websocket-common-9.2.12.v20150709.jar;C:\Users\ttpl-rt-120\.m2\repository\org\eclipse\jetty\websocket\websocket-api\9.2.12.v20150709\websocket-api-9.2.12.v20150709.jar;C:\Users\ttpl-rt-120\.m2\repository\commons-collections\commons-collections\3.2.2\commons-collections-3.2.2.jar;C:\Users\ttpl-rt-120\.m2\repository\com\codeborne\phantomjsdriver\1.3.0\phantomjsdriver-1.3.0.jar;C:\Users\ttpl-rt-120\.m2\repository\log4j\log4j\1.2.16\log4j-1.2.16.jar;C:\Users\ttpl-rt-120\.m2\repository\org\slf4j\slf4j-log4j12\1.7.5\slf4j-log4j12-1.7.5.jar;C:\Users\ttpl-rt-120\.m2\repository\info\cukes\cucumber-jvm-deps\1.0.5\cucumber-jvm-deps-1.0.5.jar;C:\Users\ttpl-rt-120\.m2\repository\info\cukes\cucumber-java\1.2.4\cucumber-java-1.2.4.jar;C:\Users\ttpl-rt-120\.m2\repository\info\cukes\cucumber-core\1.2.4\cucumber-core-1.2.4.jar;C:\Users\ttpl-rt-120\.m2\repository\info\cukes\cucumber-html\0.2.3\cucumber-html-0.2.3.jar;C:\Users\ttpl-rt-120\.m2\repository\info\cukes\cucumber-testng\1.2.4\cucumber-testng-1.2.4.jar;C:\Users\ttpl-rt-120\.m2\repository\org\hamcrest\hamcrest-all\1.3\hamcrest-all-1.3.jar;C:\Users\ttpl-rt-120\.m2\repository\info\cukes\cucumber-picocontainer\1.2.4\cucumber-picocontainer-1.2.4.jar;C:\Users\ttpl-rt-120\.m2\repository\info\cukes\gherkin\2.12.2\gherkin-2.12.2.jar;C:\Users\ttpl-rt-120\.m2\repository\org\picocontainer\picocontainer\2.15\picocontainer-2.15.jar;C:\Users\ttpl-rt-120\.m2\repository\net\masterthought\cucumber-reporting\2.7.0\cucumber-reporting-2.7.0.jar;C:\Users\ttpl-rt-120\.m2\repository\com\fasterxml\jackson\core\jackson-databind\2.8.0\jackson-databind-2.8.0.jar;C:\Users\ttpl-rt-120\.m2\repository\com\fasterxml\jackson\core\jackson-annotations\2.8.0\jackson-annotations-2.8.0.jar;C:\Users\ttpl-rt-120\.m2\repository\com\fasterxml\jackson\core\jackson-core\2.8.0\jackson-core-2.8.0.jar;C:\Users\ttpl-rt-120\.m2\repository\org\apache\velocity\velocity\1.7\velocity-1.7.jar;C:\Users\ttpl-rt-120\.m2\repository\commons-lang\commons-lang\2.4\commons-lang-2.4.jar;C:\Users\ttpl-rt-120\.m2\repository\velocity-tools\velocity-tools\1.4\velocity-tools-1.4.jar;C:\Users\ttpl-rt-120\.m2\repository\joda-time\joda-time\2.9.4\joda-time-2.9.4.jar;C:\Users\ttpl-rt-120\.m2\repository\net\lingala\zip4j\zip4j\1.3.2\zip4j-1.3.2.jar;C:\Users\ttpl-rt-120\.m2\repository\org\codehaus\plexus\plexus-utils\3.0.24\plexus-utils-3.0.24.jar;C:\Users\ttpl-rt-120\.m2\repository\org\jsoup\jsoup\1.9.2\jsoup-1.9.2.jar;"/>
    <property name="sun.cpu.endian" value="little"/>
    <property name="user.home" value="C:\Users\ttpl-rt-120"/>
    <property name="user.language" value="en"/>
    <property name="java.specification.vendor" value="Oracle Corporation"/>
    <property name="java.version.date" value="2024-07-16"/>
    <property name="java.home" value="C:\Program Files\Java\jdk-17"/>
    <property name="file.separator" value="\"/>
    <property name="basedir" value="C:\Users\ttpl-rt-120\Downloads\Automation_Framework (6)\Automation_Framework (2)\Automation_Framework\CucumberAutomation"/>
    <property name="java.vm.compressedOopsMode" value="Zero based"/>
    <property name="line.separator" value="&#10;"/>
    <property name="java.vm.specification.vendor" value="Oracle Corporation"/>
    <property name="java.specification.name" value="Java Platform API Specification"/>
    <property name="surefire.real.class.path" value="C:\Users\ttpl-rt-120\AppData\Local\Temp\surefire3091690502208123589\surefirebooter-20241017115524292_3.jar"/>
    <property name="user.script" value=""/>
    <property name="sun.management.compiler" value="HotSpot 64-Bit Tiered Compilers"/>
    <property name="java.runtime.version" value="17.0.12+8-LTS-286"/>
    <property name="user.name" value="ttpl-rt-120"/>
    <property name="path.separator" value=";"/>
    <property name="os.version" value="10.0"/>
    <property name="java.runtime.name" value="Java(TM) SE Runtime Environment"/>
    <property name="file.encoding" value="Cp1252"/>
    <property name="java.vm.name" value="Java HotSpot(TM) 64-Bit Server VM"/>
    <property name="localRepository" value="C:\Users\ttpl-rt-120\.m2\repository"/>
    <property name="java.vendor.url.bug" value="https://bugreport.java.com/bugreport/"/>
    <property name="java.io.tmpdir" value="C:\Users\TTPL-R~1\AppData\Local\Temp\"/>
    <property name="java.version" value="17.0.12"/>
    <property name="user.dir" value="C:\Users\ttpl-rt-120\Downloads\Automation_Framework (6)\Automation_Framework (2)\Automation_Framework\CucumberAutomation"/>
    <property name="os.arch" value="amd64"/>
    <property name="java.vm.specification.name" value="Java Virtual Machine Specification"/>
    <property name="sun.os.patch.level" value=""/>
    <property name="native.encoding" value="Cp1252"/>
    <property name="java.library.path" value="C:\Program Files\Java\jdk-17\bin;C:\Windows\Sun\Java\bin;C:\Windows\system32;C:\Windows;C:\Program Files\Common Files\Oracle\Java\javapath;C:\Windows\system32;C:\Windows;C:\Windows\System32\Wbem;C:\Windows\System32\WindowsPowerShell\v1.0\;C:\Windows\System32\OpenSSH\;C:\Program Files\Java\jdk-17\bin;C:\Program Files\Git\cmd;C:\Program Files\NVIDIA Corporation\NVIDIA NvDLISR;C:\Program Files (x86)\NVIDIA Corporation\PhysX\Common;D:\Downloads\mongodb-windows-x86_64-4.4.29\mongodb-win32-x86_64-windows-4.4.29\bin;C:\Program Files\PostgreSQL\16\bin;D:\Installation\apache-maven-3.9.9\bin;C:\Users\ttpl-rt-120\AppData\Local\Programs\Python\Python312\Scripts\;C:\Users\ttpl-rt-120\AppData\Local\Programs\Python\Python312\;C:\Users\ttpl-rt-120\AppData\Local\Programs\Python\Launcher\;C:\Users\ttpl-rt-120\AppData\Local\Microsoft\WindowsApps;;C:\Program Files\JetBrains\IntelliJ IDEA 2024.1.4\bin;;D:\Installation\IntelliJ IDEA Community Edition 2024.1.4\bin;;C:\Users\ttpl-rt-120\AppData\Local\Programs\mongosh\;."/>
    <property name="java.vm.info" value="mixed mode, sharing"/>
    <property name="java.vendor" value="Oracle Corporation"/>
    <property name="java.vm.version" value="17.0.12+8-LTS-286"/>
    <property name="sun.io.unicode.encoding" value="UnicodeLittle"/>
    <property name="java.class.version" value="61.0"/>
  </properties>
</testsuite>